{
  "ok": true,
  "contract": "tiangong.l6_65.deterministic_hook_bus.v3",
  "policy": {
    "contract_version": "tiangong.l6_65.deterministic_hook_bus.v3",
    "deterministic": true,
    "local_only": true,
    "no_shell_execution": true,
    "no_provider_call": true,
    "no_tool_execution": true,
    "no_memory_write": true,
    "no_audit_write": true,
    "no_rollback_apply": true,
    "request_envelope_guard": true,
    "file_transfer_request_guard": true,
    "workspace_authorization_request_guard": true,
    "connector_registration_request_guard": true,
    "event_projection_guard": true,
    "a5_must_block_or_confirm": true,
    "terminal_order_required": true,
    "max_hook_records": 180,
    "stages": [
      "pre_chat_submit",
      "pre_provider_settings_submit",
      "pre_confirmation_submit",
      "pre_control_request",
      "pre_self_iteration_confirm",
      "pre_file_transfer_request",
      "pre_workspace_authorization_request",
      "pre_connector_registration_request",
      "pre_event_apply",
      "post_event_apply",
      "pre_finalize",
      "on_error"
    ]
  },
  "good_stats": {
    "total_hooks": 13,
    "allow_count": 13,
    "warn_count": 0,
    "block_count": 0,
    "last_stage": "pre_finalize",
    "last_rule_id": "finalize_trace",
    "last_verdict": "allow",
    "last_blocker": "",
    "deterministic": true,
    "frontend_execute_allowed": false,
    "frontend_memory_write_allowed": false,
    "frontend_audit_write_allowed": false,
    "frontend_rollback_apply_allowed": false
  },
  "bad_stats": {
    "total_hooks": 1,
    "allow_count": 0,
    "warn_count": 0,
    "block_count": 1,
    "last_stage": "pre_event_apply",
    "last_rule_id": "a5_cannot_be_allowed",
    "last_verdict": "block",
    "last_blocker": "A5 must be blocked or require human confirmation",
    "deterministic": true,
    "frontend_execute_allowed": false,
    "frontend_memory_write_allowed": false,
    "frontend_audit_write_allowed": false,
    "frontend_rollback_apply_allowed": false
  },
  "order_stats": {
    "total_hooks": 2,
    "allow_count": 1,
    "warn_count": 0,
    "block_count": 1,
    "last_stage": "pre_event_apply",
    "last_rule_id": "terminal_order",
    "last_verdict": "block",
    "last_blocker": "run_terminal arrived before assistant_final",
    "deterministic": true,
    "frontend_execute_allowed": false,
    "frontend_memory_write_allowed": false,
    "frontend_audit_write_allowed": false,
    "frontend_rollback_apply_allowed": false
  },
  "default_hook_count": 2,
  "hook_export_digest": "bfcf431a45c73a6a"
}
