{
  "ok": true,
  "checks": {
    "installer_page_registered": true,
    "forbidden_auto_update_present": true,
    "forbidden_frontend_rollback_present": true,
    "policy_blocks_frontend_build": true,
    "policy_blocks_frontend_update": true,
    "policy_blocks_frontend_rollback": true,
    "identity_preserved": true,
    "required_files_present": true
  },
  "required_files": {
    "installer_manifest_l669": "installer/installer_manifest_l669.json",
    "build_plan_l669": "installer/build/build_plan_l669.json",
    "package_builder_dry_run_l669": "installer/build/package_builder_dry_run_l669.py",
    "release_manifest_l669": "installer/release/release_manifest_l669.json",
    "signing_policy_l669": "installer/signing/signing_policy_l669.json"
  }
}
