Listing 'tiangong_agent_runtime'...
Listing 'tiangong_agent_runtime/adapters'...
Listing 'tiangong_agent_runtime/code_x_native'...
Listing 'tiangong_agent_runtime/config'...
Listing 'tiangong_agent_runtime/skills'...
Listing 'tiangong_agent_runtime/skills/code_x_execution_workflow'...
Listing 'tiangong_agent_runtime/skills/learning_asset_activation_workflow'...
Listing 'tiangong_agent_runtime/skills/learning_asset_candidate_sandbox_workflow'...
Listing 'tiangong_agent_runtime/skills/learning_asset_contract_workflow'...
Listing 'tiangong_agent_runtime/skills/learning_asset_release_gate_workflow'...
Listing 'tiangong_agent_runtime/skills/learning_asset_sandbox_alignment_workflow'...
Listing 'tiangong_agent_runtime/skills/runtime_tool_alignment_workflow'...
Listing 'tiangong_agent_runtime/skills/v1_clean_import_workflow'...
Listing 'tiangong_agent_shell'...
Listing 'tiangong_kernel'...
Listing 'tiangong_kernel/l0_primitives'...
Listing 'tiangong_kernel/l1_ports'...
Listing 'tiangong_kernel/l2_state'...
Listing 'tiangong_kernel/l3_orchestration'...
Listing 'tiangong_kernel/l4_action_grounding'...
Listing 'tiangong_kernel/l4_execution'...
Listing 'tiangong_kernel/l5_plugin_host'...
Listing 'tiangong_kernel/l6_plugins'...
Listing 'tiangong_kernel/l6_plugins/adaptive_collaboration'...
Listing 'tiangong_kernel/l6_plugins/cognitive_continuity'...
Listing 'tiangong_kernel/l6_plugins/cognitive_continuity/affective'...
Listing 'tiangong_kernel/l6_plugins/cognitive_continuity/memory'...
Listing 'tiangong_kernel/l6_plugins/common'...
Listing 'tiangong_kernel/l6_plugins/final_closure'...
Listing 'tiangong_kernel/l6_plugins/governance_control'...
Listing 'tiangong_kernel/l6_plugins/mind'...
Listing 'tiangong_kernel/l6_plugins/product_delivery'...
Listing 'tests'...
