Listing 'frontend/linyuanzhe_frontend'...
Compiling 'frontend/linyuanzhe_frontend/__init__.py'...
Compiling 'frontend/linyuanzhe_frontend/app.py'...
Listing 'frontend/linyuanzhe_frontend/clients'...
Compiling 'frontend/linyuanzhe_frontend/clients/__init__.py'...
Compiling 'frontend/linyuanzhe_frontend/clients/future_runtime_client.py'...
Compiling 'frontend/linyuanzhe_frontend/clients/json_report_runtime_client.py'...
Compiling 'frontend/linyuanzhe_frontend/clients/mock_runtime_client.py'...
Compiling 'frontend/linyuanzhe_frontend/clients/runtime_integration_probe.py'...
Compiling 'frontend/linyuanzhe_frontend/clients/sse_runtime_client.py'...
Listing 'frontend/linyuanzhe_frontend/contracts'...
Compiling 'frontend/linyuanzhe_frontend/contracts/__init__.py'...
Compiling 'frontend/linyuanzhe_frontend/contracts/action_guard.py'...
Compiling 'frontend/linyuanzhe_frontend/contracts/agent_ui_events.py'...
Compiling 'frontend/linyuanzhe_frontend/contracts/connectors.py'...
Compiling 'frontend/linyuanzhe_frontend/contracts/file_transfer.py'...
Compiling 'frontend/linyuanzhe_frontend/contracts/hook_bus.py'...
Compiling 'frontend/linyuanzhe_frontend/contracts/installer_rc.py'...
Compiling 'frontend/linyuanzhe_frontend/contracts/integration_smoke.py'...
Compiling 'frontend/linyuanzhe_frontend/contracts/model_settings.py'...
Compiling 'frontend/linyuanzhe_frontend/contracts/observability.py'...
Compiling 'frontend/linyuanzhe_frontend/contracts/product_identity.py'...
Compiling 'frontend/linyuanzhe_frontend/contracts/provider_settings.py'...
Compiling 'frontend/linyuanzhe_frontend/contracts/rc_readiness.py'...
Compiling 'frontend/linyuanzhe_frontend/contracts/runtime_client.py'...
Compiling 'frontend/linyuanzhe_frontend/contracts/runtime_controls.py'...
Compiling 'frontend/linyuanzhe_frontend/contracts/runtime_snapshot.py'...
Compiling 'frontend/linyuanzhe_frontend/contracts/session_manager.py'...
Compiling 'frontend/linyuanzhe_frontend/contracts/sse_events.py'...
Compiling 'frontend/linyuanzhe_frontend/contracts/streaming_render.py'...
Compiling 'frontend/linyuanzhe_frontend/contracts/workspace.py'...
Listing 'frontend/linyuanzhe_frontend/docs'...
Listing 'frontend/linyuanzhe_frontend/mock_data'...
Listing 'frontend/linyuanzhe_frontend/reports'...
Compiling 'frontend/linyuanzhe_frontend/run_backend_integration_smoke.py'...
Compiling 'frontend/linyuanzhe_frontend/run_codex_bridge_smoke.py'...
Compiling 'frontend/linyuanzhe_frontend/run_connector_registry_smoke.py'...
Compiling 'frontend/linyuanzhe_frontend/run_desktop_demo.py'...
Compiling 'frontend/linyuanzhe_frontend/run_file_transfer_guide_interrupt_smoke.py'...
Compiling 'frontend/linyuanzhe_frontend/run_hookbus_smoke.py'...
Compiling 'frontend/linyuanzhe_frontend/run_installer_rc_smoke.py'...
Compiling 'frontend/linyuanzhe_frontend/run_observability_smoke.py'...
Compiling 'frontend/linyuanzhe_frontend/run_packager_rc_smoke.py'...
Compiling 'frontend/linyuanzhe_frontend/run_rc_preflight.py'...
Compiling 'frontend/linyuanzhe_frontend/run_runtime_sse_demo.py'...
Compiling 'frontend/linyuanzhe_frontend/run_session_manager_smoke.py'...
Compiling 'frontend/linyuanzhe_frontend/run_workspace_authorization_smoke.py'...
Listing 'frontend/linyuanzhe_frontend/scripts'...
Compiling 'frontend/linyuanzhe_frontend/scripts/runtime_contract_server.py'...
Compiling 'frontend/linyuanzhe_frontend/scripts/validate_demo_package.py'...
Listing 'frontend/linyuanzhe_frontend/tests'...
Listing 'frontend/linyuanzhe_frontend/tokens'...
Listing 'frontend/linyuanzhe_frontend/ui'...
Compiling 'frontend/linyuanzhe_frontend/ui/__init__.py'...
Compiling 'frontend/linyuanzhe_frontend/ui/design_tokens.py'...
Compiling 'frontend/linyuanzhe_frontend/ui/main_window.py'...
Compiling 'frontend/linyuanzhe_frontend/ui/page_specs.py'...
Compiling 'frontend/linyuanzhe_frontend/ui/theme.py'...
Compiling 'frontend/linyuanzhe_frontend/ui/visual_spec.py'...
Compiling 'frontend/linyuanzhe_frontend/ui/widgets.py'...
