Listing 'tiangong_agent_runtime'...
Compiling 'tiangong_agent_runtime/__init__.py'...
Listing 'tiangong_agent_runtime/adapters'...
Compiling 'tiangong_agent_runtime/adapters/__init__.py'...
Compiling 'tiangong_agent_runtime/adapters/diagnose_project_adapter.py'...
Compiling 'tiangong_agent_runtime/adapters/model_chat_adapter.py'...
Compiling 'tiangong_agent_runtime/adapters/project_scan_adapter.py'...
Compiling 'tiangong_agent_runtime/adapters/python_test_adapter.py'...
Compiling 'tiangong_agent_runtime/adapters/quality_gate_adapter.py'...
Compiling 'tiangong_agent_runtime/adapters/readonly_file_adapter.py'...
Compiling 'tiangong_agent_runtime/adapters/virtual_return_adapter.py'...
Compiling 'tiangong_agent_runtime/adapters/workspace_write_adapter.py'...
Compiling 'tiangong_agent_runtime/adapters/zip_package_adapter.py'...
Compiling 'tiangong_agent_runtime/affective_execution_route.py'...
Compiling 'tiangong_agent_runtime/affective_pressure_bridge.py'...
Compiling 'tiangong_agent_runtime/affective_state.py'...
Compiling 'tiangong_agent_runtime/audit_bridge.py'...
Compiling 'tiangong_agent_runtime/audit_replay.py'...
Compiling 'tiangong_agent_runtime/autonomous_goal_queue.py'...
Compiling 'tiangong_agent_runtime/budget_guard.py'...
Compiling 'tiangong_agent_runtime/budget_low_friction_governance.py'...
Listing 'tiangong_agent_runtime/code_x_native'...
Compiling 'tiangong_agent_runtime/code_x_native/__init__.py'...
Compiling 'tiangong_agent_runtime/code_x_native/code_x_code_localization.py'...
Compiling 'tiangong_agent_runtime/code_x_native/code_x_context_armor.py'...
Compiling 'tiangong_agent_runtime/code_x_native/code_x_engineering_perception.py'...
Compiling 'tiangong_agent_runtime/code_x_native/code_x_execution_validation.py'...
Compiling 'tiangong_agent_runtime/code_x_native/code_x_failure_repair.py'...
Compiling 'tiangong_agent_runtime/code_x_native/code_x_package_orchestrator.py'...
Compiling 'tiangong_agent_runtime/code_x_native/code_x_patch_production.py'...
Compiling 'tiangong_agent_runtime/code_x_native/code_x_skill_runtime.py'...
Compiling 'tiangong_agent_runtime/code_x_native/code_x_subagents.py'...
Compiling 'tiangong_agent_runtime/code_x_native/code_x_worktree_rollback_packaging.py'...
Compiling 'tiangong_agent_runtime/code_x_runtime_adapters.py'...
Listing 'tiangong_agent_runtime/config'...
Compiling 'tiangong_agent_runtime/confirmation_ticket.py'...
Compiling 'tiangong_agent_runtime/context_memory_bridge.py'...
Compiling 'tiangong_agent_runtime/delivery_manifest.py'...
Compiling 'tiangong_agent_runtime/delivery_standardization.py'...
Compiling 'tiangong_agent_runtime/diagnostic_bridge.py'...
Compiling 'tiangong_agent_runtime/error_mapper.py'...
Compiling 'tiangong_agent_runtime/execution_chain_freeze.py'...
Compiling 'tiangong_agent_runtime/execution_exoskeleton.py'...
Compiling 'tiangong_agent_runtime/execution_policy.py'...
Compiling 'tiangong_agent_runtime/execution_spine.py'...
Compiling 'tiangong_agent_runtime/experience_synthesis.py'...
Compiling 'tiangong_agent_runtime/forgetting_review_router.py'...
Compiling 'tiangong_agent_runtime/four_path_context_router.py'...
Compiling 'tiangong_agent_runtime/four_path_priority_policy.py'...
Compiling 'tiangong_agent_runtime/four_path_public_projection.py'...
Compiling 'tiangong_agent_runtime/free_will_candidate_route.py'...
Compiling 'tiangong_agent_runtime/frontend_contract.py'...
Compiling 'tiangong_agent_runtime/governance_execution.py'...
Compiling 'tiangong_agent_runtime/intent_bridge.py'...
Compiling 'tiangong_agent_runtime/learning_asset_candidate_sandbox.py'...
Compiling 'tiangong_agent_runtime/learning_asset_contract.py'...
Compiling 'tiangong_agent_runtime/learning_asset_release_gate.py'...
Compiling 'tiangong_agent_runtime/learning_asset_sandbox_alignment.py'...
Compiling 'tiangong_agent_runtime/learning_convergence.py'...
Compiling 'tiangong_agent_runtime/lifecycle_clock.py'...
Compiling 'tiangong_agent_runtime/lifecycle_coordinator.py'...
Compiling 'tiangong_agent_runtime/long_chain_failure_injection_harness.py'...
Compiling 'tiangong_agent_runtime/long_chain_pressure_probe.py'...
Compiling 'tiangong_agent_runtime/long_chain_runner.py'...
Compiling 'tiangong_agent_runtime/memory_math_core.py'...
Compiling 'tiangong_agent_runtime/memory_recall_router.py'...
Compiling 'tiangong_agent_runtime/memory_store_bridge.py'...
Compiling 'tiangong_agent_runtime/memory_write_filter.py'...
Compiling 'tiangong_agent_runtime/model_plan_compat_replay.py'...
Compiling 'tiangong_agent_runtime/model_planner.py'...
Compiling 'tiangong_agent_runtime/p0_system_integration.py'...
Compiling 'tiangong_agent_runtime/p0_system_integration_two.py'...
Compiling 'tiangong_agent_runtime/permit_gateway.py'...
Compiling 'tiangong_agent_runtime/plan_bridge.py'...
Compiling 'tiangong_agent_runtime/plan_schema.py'...
Compiling 'tiangong_agent_runtime/planner_context_integration.py'...
Compiling 'tiangong_agent_runtime/planner_execution_controller.py'...
Compiling 'tiangong_agent_runtime/planner_mode.py'...
Compiling 'tiangong_agent_runtime/planner_unified_consumption.py'...
Compiling 'tiangong_agent_runtime/plugin_suggestion_bridge.py'...
Compiling 'tiangong_agent_runtime/product_identity.py'...
Compiling 'tiangong_agent_runtime/project_index_bridge.py'...
Compiling 'tiangong_agent_runtime/project_repair_plan.py'...
Compiling 'tiangong_agent_runtime/provider_adaptation_shell.py'...
Compiling 'tiangong_agent_runtime/public_projection_bridge.py'...
Compiling 'tiangong_agent_runtime/quality_gate_bridge.py'...
Compiling 'tiangong_agent_runtime/recovery_coordination.py'...
Compiling 'tiangong_agent_runtime/recovery_replay_quality.py'...
Compiling 'tiangong_agent_runtime/result_normalizer.py'...
Compiling 'tiangong_agent_runtime/risk_classifier.py'...
Compiling 'tiangong_agent_runtime/rollback_audit_binding.py'...
Compiling 'tiangong_agent_runtime/runtime_entry.py'...
Compiling 'tiangong_agent_runtime/runtime_report.py'...
Compiling 'tiangong_agent_runtime/runtime_tool_alignment.py'...
Compiling 'tiangong_agent_runtime/runtime_tool_registry.py'...
Compiling 'tiangong_agent_runtime/self_healing_execution_route.py'...
Compiling 'tiangong_agent_runtime/self_iteration_frontend_projection.py'...
Compiling 'tiangong_agent_runtime/self_iteration_route.py'...
Compiling 'tiangong_agent_runtime/self_learning_route.py'...
Compiling 'tiangong_agent_runtime/session_bridge.py'...
Compiling 'tiangong_agent_runtime/shell_system_mount.py'...
Compiling 'tiangong_agent_runtime/skill_review_queue.py'...
Listing 'tiangong_agent_runtime/skills'...
Listing 'tiangong_agent_runtime/skills/code_x_execution_workflow'...
Listing 'tiangong_agent_runtime/skills/learning_asset_candidate_sandbox_workflow'...
Listing 'tiangong_agent_runtime/skills/learning_asset_contract_workflow'...
Listing 'tiangong_agent_runtime/skills/learning_asset_release_gate_workflow'...
Listing 'tiangong_agent_runtime/skills/learning_asset_sandbox_alignment_workflow'...
Listing 'tiangong_agent_runtime/skills/runtime_tool_alignment_workflow'...
Listing 'tiangong_agent_runtime/skills/v1_clean_import_workflow'...
Compiling 'tiangong_agent_runtime/suggestions.py'...
Compiling 'tiangong_agent_runtime/test_shard_runner.py'...
Compiling 'tiangong_agent_runtime/tool_invocation.py'...
Compiling 'tiangong_agent_runtime/tool_production_request.py'...
Compiling 'tiangong_agent_runtime/tool_result.py'...
Compiling 'tiangong_agent_runtime/turn_context.py'...
Compiling 'tiangong_agent_runtime/v1_clean_import_adapters.py'...
Compiling 'tiangong_agent_runtime/v1_clean_import_runtime.py'...
Compiling 'tiangong_agent_runtime/workspace_guard.py'...
Listing 'tests'...
Compiling 'tests/test_codex_runtime_registration.py'...
Compiling 'tests/test_learning_asset_candidate_sandbox.py'...
Compiling 'tests/test_learning_asset_contract.py'...
Compiling 'tests/test_learning_asset_release_gate.py'...
Compiling 'tests/test_learning_asset_sandbox_alignment.py'...
Compiling 'tests/test_runtime_tool_alignment.py'...
Compiling 'tests/test_v1_clean_import_runtime.py'...
Compiling 'run_learning_asset_release_gate_smoke.py'...
